The system is: Linux - 5.4.0-87-generic - x86_64
Compiling the C compiler identification source file "CMakeCCompilerId.c" succeeded.
Compiler: /usr/bin/cc 
Build flags: 
Id flags:  

The output was:
0


Compilation of the C compiler identification source "CMakeCCompilerId.c" produced "a.out"

The C compiler identification is GNU, found in "/home/bgs/CSI3DEDGE/libjpeg-turbo-main/build/CMakeFiles/3.10.2/CompilerIdC/a.out"

Determining if the C compiler works passed with the following output:
Change Dir: /home/bgs/CSI3DEDGE/libjpeg-turbo-main/build/CMakeFiles/CMakeTmp

Run Build Command:"/usr/bin/make" "cmTC_eebe7/fast"
/usr/bin/make -f CMakeFiles/cmTC_eebe7.dir/build.make CMakeFiles/cmTC_eebe7.dir/build
make[1]: Entering directory '/home/bgs/CSI3DEDGE/libjpeg-turbo-main/build/CMakeFiles/CMakeTmp'
Building C object CMakeFiles/cmTC_eebe7.dir/testCCompiler.c.o
/usr/bin/cc    -o CMakeFiles/cmTC_eebe7.dir/testCCompiler.c.o   -c /home/bgs/CSI3DEDGE/libjpeg-turbo-main/build/CMakeFiles/CMakeTmp/testCCompiler.c
Linking C executable cmTC_eebe7
/usr/bin/cmake -E cmake_link_script CMakeFiles/cmTC_eebe7.dir/link.txt --verbose=1
/usr/bin/cc      CMakeFiles/cmTC_eebe7.dir/testCCompiler.c.o  -o cmTC_eebe7 
make[1]: Leaving directory '/home/bgs/CSI3DEDGE/libjpeg-turbo-main/build/CMakeFiles/CMakeTmp'


Detecting C compiler ABI info compiled with the following output:
Change Dir: /home/bgs/CSI3DEDGE/libjpeg-turbo-main/build/CMakeFiles/CMakeTmp

Run Build Command:"/usr/bin/make" "cmTC_60c77/fast"
/usr/bin/make -f CMakeFiles/cmTC_60c77.dir/build.make CMakeFiles/cmTC_60c77.dir/build
make[1]: Entering directory '/home/bgs/CSI3DEDGE/libjpeg-turbo-main/build/CMakeFiles/CMakeTmp'
Building C object CMakeFiles/cmTC_60c77.dir/CMakeCCompilerABI.c.o
/usr/bin/cc    -o CMakeFiles/cmTC_60c77.dir/CMakeCCompilerABI.c.o   -c /usr/share/cmake-3.10/Modules/CMakeCCompilerABI.c
Linking C executable cmTC_60c77
/usr/bin/cmake -E cmake_link_script CMakeFiles/cmTC_60c77.dir/link.txt --verbose=1
/usr/bin/cc     -v CMakeFiles/cmTC_60c77.dir/CMakeCCompilerABI.c.o  -o cmTC_60c77 
Using built-in specs.
COLLECT_GCC=/usr/bin/cc
COLLECT_LTO_WRAPPER=/usr/lib/gcc/x86_64-linux-gnu/7/lto-wrapper
OFFLOAD_TARGET_NAMES=nvptx-none
OFFLOAD_TARGET_DEFAULT=1
Target: x86_64-linux-gnu
Configured with: ../src/configure -v --with-pkgversion='Ubuntu 7.5.0-3ubuntu1~18.04' --with-bugurl=file:///usr/share/doc/gcc-7/README.Bugs --enable-languages=c,ada,c++,go,brig,d,fortran,objc,obj-c++ --prefix=/usr --with-gcc-major-version-only --program-suffix=-7 --program-prefix=x86_64-linux-gnu- --enable-shared --enable-linker-build-id --libexecdir=/usr/lib --without-included-gettext --enable-threads=posix --libdir=/usr/lib --enable-nls --enable-bootstrap --enable-clocale=gnu --enable-libstdcxx-debug --enable-libstdcxx-time=yes --with-default-libstdcxx-abi=new --enable-gnu-unique-object --disable-vtable-verify --enable-libmpx --enable-plugin --enable-default-pie --with-system-zlib --with-target-system-zlib --enable-objc-gc=auto --enable-multiarch --disable-werror --with-arch-32=i686 --with-abi=m64 --with-multilib-list=m32,m64,mx32 --enable-multilib --with-tune=generic --enable-offload-targets=nvptx-none --without-cuda-driver --enable-checking=release --build=x86_64-linux-gnu --host=x86_64-linux-gnu --target=x86_64-linux-gnu
Thread model: posix
gcc version 7.5.0 (Ubuntu 7.5.0-3ubuntu1~18.04) 
COMPILER_PATH=/usr/lib/gcc/x86_64-linux-gnu/7/:/usr/lib/gcc/x86_64-linux-gnu/7/:/usr/lib/gcc/x86_64-linux-gnu/:/usr/lib/gcc/x86_64-linux-gnu/7/:/usr/lib/gcc/x86_64-linux-gnu/
LIBRARY_PATH=/usr/lib/gcc/x86_64-linux-gnu/7/:/usr/lib/gcc/x86_64-linux-gnu/7/../../../x86_64-linux-gnu/:/usr/lib/gcc/x86_64-linux-gnu/7/../../../../lib/:/lib/x86_64-linux-gnu/:/lib/../lib/:/usr/lib/x86_64-linux-gnu/:/usr/lib/../lib/:/usr/lib/gcc/x86_64-linux-gnu/7/../../../:/lib/:/usr/lib/
COLLECT_GCC_OPTIONS='-v' '-o' 'cmTC_60c77' '-mtune=generic' '-march=x86-64'
 /usr/lib/gcc/x86_64-linux-gnu/7/collect2 -plugin /usr/lib/gcc/x86_64-linux-gnu/7/liblto_plugin.so -plugin-opt=/usr/lib/gcc/x86_64-linux-gnu/7/lto-wrapper -plugin-opt=-fresolution=/tmp/cccSXfF0.res -plugin-opt=-pass-through=-lgcc -plugin-opt=-pass-through=-lgcc_s -plugin-opt=-pass-through=-lc -plugin-opt=-pass-through=-lgcc -plugin-opt=-pass-through=-lgcc_s --build-id --eh-frame-hdr -m elf_x86_64 --hash-style=gnu --as-needed -dynamic-linker /lib64/ld-linux-x86-64.so.2 -pie -z now -z relro -o cmTC_60c77 /usr/lib/gcc/x86_64-linux-gnu/7/../../../x86_64-linux-gnu/Scrt1.o /usr/lib/gcc/x86_64-linux-gnu/7/../../../x86_64-linux-gnu/crti.o /usr/lib/gcc/x86_64-linux-gnu/7/crtbeginS.o -L/usr/lib/gcc/x86_64-linux-gnu/7 -L/usr/lib/gcc/x86_64-linux-gnu/7/../../../x86_64-linux-gnu -L/usr/lib/gcc/x86_64-linux-gnu/7/../../../../lib -L/lib/x86_64-linux-gnu -L/lib/../lib -L/usr/lib/x86_64-linux-gnu -L/usr/lib/../lib -L/usr/lib/gcc/x86_64-linux-gnu/7/../../.. CMakeFiles/cmTC_60c77.dir/CMakeCCompilerABI.c.o -lgcc --push-state --as-needed -lgcc_s --pop-state -lc -lgcc --push-state --as-needed -lgcc_s --pop-state /usr/lib/gcc/x86_64-linux-gnu/7/crtendS.o /usr/lib/gcc/x86_64-linux-gnu/7/../../../x86_64-linux-gnu/crtn.o
COLLECT_GCC_OPTIONS='-v' '-o' 'cmTC_60c77' '-mtune=generic' '-march=x86-64'
make[1]: Leaving directory '/home/bgs/CSI3DEDGE/libjpeg-turbo-main/build/CMakeFiles/CMakeTmp'


Parsed C implicit link information from above output:
  link line regex: [^( *|.*[/\])(ld|CMAKE_LINK_STARTFILE-NOTFOUND|([^/\]+-)?ld|collect2)[^/\]*( |$)]
  ignore line: [Change Dir: /home/bgs/CSI3DEDGE/libjpeg-turbo-main/build/CMakeFiles/CMakeTmp]
  ignore line: []
  ignore line: [Run Build Command:"/usr/bin/make" "cmTC_60c77/fast"]
  ignore line: [/usr/bin/make -f CMakeFiles/cmTC_60c77.dir/build.make CMakeFiles/cmTC_60c77.dir/build]
  ignore line: [make[1]: Entering directory '/home/bgs/CSI3DEDGE/libjpeg-turbo-main/build/CMakeFiles/CMakeTmp']
  ignore line: [Building C object CMakeFiles/cmTC_60c77.dir/CMakeCCompilerABI.c.o]
  ignore line: [/usr/bin/cc    -o CMakeFiles/cmTC_60c77.dir/CMakeCCompilerABI.c.o   -c /usr/share/cmake-3.10/Modules/CMakeCCompilerABI.c]
  ignore line: [Linking C executable cmTC_60c77]
  ignore line: [/usr/bin/cmake -E cmake_link_script CMakeFiles/cmTC_60c77.dir/link.txt --verbose=1]
  ignore line: [/usr/bin/cc     -v CMakeFiles/cmTC_60c77.dir/CMakeCCompilerABI.c.o  -o cmTC_60c77 ]
  ignore line: [Using built-in specs.]
  ignore line: [COLLECT_GCC=/usr/bin/cc]
  ignore line: [COLLECT_LTO_WRAPPER=/usr/lib/gcc/x86_64-linux-gnu/7/lto-wrapper]
  ignore line: [OFFLOAD_TARGET_NAMES=nvptx-none]
  ignore line: [OFFLOAD_TARGET_DEFAULT=1]
  ignore line: [Target: x86_64-linux-gnu]
  ignore line: [Configured with: ../src/configure -v --with-pkgversion='Ubuntu 7.5.0-3ubuntu1~18.04' --with-bugurl=file:///usr/share/doc/gcc-7/README.Bugs --enable-languages=c,ada,c++,go,brig,d,fortran,objc,obj-c++ --prefix=/usr --with-gcc-major-version-only --program-suffix=-7 --program-prefix=x86_64-linux-gnu- --enable-shared --enable-linker-build-id --libexecdir=/usr/lib --without-included-gettext --enable-threads=posix --libdir=/usr/lib --enable-nls --enable-bootstrap --enable-clocale=gnu --enable-libstdcxx-debug --enable-libstdcxx-time=yes --with-default-libstdcxx-abi=new --enable-gnu-unique-object --disable-vtable-verify --enable-libmpx --enable-plugin --enable-default-pie --with-system-zlib --with-target-system-zlib --enable-objc-gc=auto --enable-multiarch --disable-werror --with-arch-32=i686 --with-abi=m64 --with-multilib-list=m32,m64,mx32 --enable-multilib --with-tune=generic --enable-offload-targets=nvptx-none --without-cuda-driver --enable-checking=release --build=x86_64-linux-gnu --host=x86_64-linux-gnu --target=x86_64-linux-gnu]
  ignore line: [Thread model: posix]
  ignore line: [gcc version 7.5.0 (Ubuntu 7.5.0-3ubuntu1~18.04) ]
  ignore line: [COMPILER_PATH=/usr/lib/gcc/x86_64-linux-gnu/7/:/usr/lib/gcc/x86_64-linux-gnu/7/:/usr/lib/gcc/x86_64-linux-gnu/:/usr/lib/gcc/x86_64-linux-gnu/7/:/usr/lib/gcc/x86_64-linux-gnu/]
  ignore line: [LIBRARY_PATH=/usr/lib/gcc/x86_64-linux-gnu/7/:/usr/lib/gcc/x86_64-linux-gnu/7/../../../x86_64-linux-gnu/:/usr/lib/gcc/x86_64-linux-gnu/7/../../../../lib/:/lib/x86_64-linux-gnu/:/lib/../lib/:/usr/lib/x86_64-linux-gnu/:/usr/lib/../lib/:/usr/lib/gcc/x86_64-linux-gnu/7/../../../:/lib/:/usr/lib/]
  ignore line: [COLLECT_GCC_OPTIONS='-v' '-o' 'cmTC_60c77' '-mtune=generic' '-march=x86-64']
  link line: [ /usr/lib/gcc/x86_64-linux-gnu/7/collect2 -plugin /usr/lib/gcc/x86_64-linux-gnu/7/liblto_plugin.so -plugin-opt=/usr/lib/gcc/x86_64-linux-gnu/7/lto-wrapper -plugin-opt=-fresolution=/tmp/cccSXfF0.res -plugin-opt=-pass-through=-lgcc -plugin-opt=-pass-through=-lgcc_s -plugin-opt=-pass-through=-lc -plugin-opt=-pass-through=-lgcc -plugin-opt=-pass-through=-lgcc_s --build-id --eh-frame-hdr -m elf_x86_64 --hash-style=gnu --as-needed -dynamic-linker /lib64/ld-linux-x86-64.so.2 -pie -z now -z relro -o cmTC_60c77 /usr/lib/gcc/x86_64-linux-gnu/7/../../../x86_64-linux-gnu/Scrt1.o /usr/lib/gcc/x86_64-linux-gnu/7/../../../x86_64-linux-gnu/crti.o /usr/lib/gcc/x86_64-linux-gnu/7/crtbeginS.o -L/usr/lib/gcc/x86_64-linux-gnu/7 -L/usr/lib/gcc/x86_64-linux-gnu/7/../../../x86_64-linux-gnu -L/usr/lib/gcc/x86_64-linux-gnu/7/../../../../lib -L/lib/x86_64-linux-gnu -L/lib/../lib -L/usr/lib/x86_64-linux-gnu -L/usr/lib/../lib -L/usr/lib/gcc/x86_64-linux-gnu/7/../../.. CMakeFiles/cmTC_60c77.dir/CMakeCCompilerABI.c.o -lgcc --push-state --as-needed -lgcc_s --pop-state -lc -lgcc --push-state --as-needed -lgcc_s --pop-state /usr/lib/gcc/x86_64-linux-gnu/7/crtendS.o /usr/lib/gcc/x86_64-linux-gnu/7/../../../x86_64-linux-gnu/crtn.o]
    arg [/usr/lib/gcc/x86_64-linux-gnu/7/collect2] ==> ignore
    arg [-plugin] ==> ignore
    arg [/usr/lib/gcc/x86_64-linux-gnu/7/liblto_plugin.so] ==> ignore
    arg [-plugin-opt=/usr/lib/gcc/x86_64-linux-gnu/7/lto-wrapper] ==> ignore
    arg [-plugin-opt=-fresolution=/tmp/cccSXfF0.res] ==> ignore
    arg [-plugin-opt=-pass-through=-lgcc] ==> ignore
    arg [-plugin-opt=-pass-through=-lgcc_s] ==> ignore
    arg [-plugin-opt=-pass-through=-lc] ==> ignore
    arg [-plugin-opt=-pass-through=-lgcc] ==> ignore
    arg [-plugin-opt=-pass-through=-lgcc_s] ==> ignore
    arg [--build-id] ==> ignore
    arg [--eh-frame-hdr] ==> ignore
    arg [-m] ==> ignore
    arg [elf_x86_64] ==> ignore
    arg [--hash-style=gnu] ==> ignore
    arg [--as-needed] ==> ignore
    arg [-dynamic-linker] ==> ignore
    arg [/lib64/ld-linux-x86-64.so.2] ==> ignore
    arg [-pie] ==> ignore
    arg [-znow] ==> ignore
    arg [-zrelro] ==> ignore
    arg [-o] ==> ignore
    arg [cmTC_60c77] ==> ignore
    arg [/usr/lib/gcc/x86_64-linux-gnu/7/../../../x86_64-linux-gnu/Scrt1.o] ==> ignore
    arg [/usr/lib/gcc/x86_64-linux-gnu/7/../../../x86_64-linux-gnu/crti.o] ==> ignore
    arg [/usr/lib/gcc/x86_64-linux-gnu/7/crtbeginS.o] ==> ignore
    arg [-L/usr/lib/gcc/x86_64-linux-gnu/7] ==> dir [/usr/lib/gcc/x86_64-linux-gnu/7]
    arg [-L/usr/lib/gcc/x86_64-linux-gnu/7/../../../x86_64-linux-gnu] ==> dir [/usr/lib/gcc/x86_64-linux-gnu/7/../../../x86_64-linux-gnu]
    arg [-L/usr/lib/gcc/x86_64-linux-gnu/7/../../../../lib] ==> dir [/usr/lib/gcc/x86_64-linux-gnu/7/../../../../lib]
    arg [-L/lib/x86_64-linux-gnu] ==> dir [/lib/x86_64-linux-gnu]
    arg [-L/lib/../lib] ==> dir [/lib/../lib]
    arg [-L/usr/lib/x86_64-linux-gnu] ==> dir [/usr/lib/x86_64-linux-gnu]
    arg [-L/usr/lib/../lib] ==> dir [/usr/lib/../lib]
    arg [-L/usr/lib/gcc/x86_64-linux-gnu/7/../../..] ==> dir [/usr/lib/gcc/x86_64-linux-gnu/7/../../..]
    arg [CMakeFiles/cmTC_60c77.dir/CMakeCCompilerABI.c.o] ==> ignore
    arg [-lgcc] ==> lib [gcc]
    arg [--push-state] ==> ignore
    arg [--as-needed] ==> ignore
    arg [-lgcc_s] ==> lib [gcc_s]
    arg [--pop-state] ==> ignore
    arg [-lc] ==> lib [c]
    arg [-lgcc] ==> lib [gcc]
    arg [--push-state] ==> ignore
    arg [--as-needed] ==> ignore
    arg [-lgcc_s] ==> lib [gcc_s]
    arg [--pop-state] ==> ignore
    arg [/usr/lib/gcc/x86_64-linux-gnu/7/crtendS.o] ==> ignore
    arg [/usr/lib/gcc/x86_64-linux-gnu/7/../../../x86_64-linux-gnu/crtn.o] ==> ignore
  collapse library dir [/usr/lib/gcc/x86_64-linux-gnu/7] ==> [/usr/lib/gcc/x86_64-linux-gnu/7]
  collapse library dir [/usr/lib/gcc/x86_64-linux-gnu/7/../../../x86_64-linux-gnu] ==> [/usr/lib/x86_64-linux-gnu]
  collapse library dir [/usr/lib/gcc/x86_64-linux-gnu/7/../../../../lib] ==> [/usr/lib]
  collapse library dir [/lib/x86_64-linux-gnu] ==> [/lib/x86_64-linux-gnu]
  collapse library dir [/lib/../lib] ==> [/lib]
  collapse library dir [/usr/lib/x86_64-linux-gnu] ==> [/usr/lib/x86_64-linux-gnu]
  collapse library dir [/usr/lib/../lib] ==> [/usr/lib]
  collapse library dir [/usr/lib/gcc/x86_64-linux-gnu/7/../../..] ==> [/usr/lib]
  implicit libs: [gcc;gcc_s;c;gcc;gcc_s]
  implicit dirs: [/usr/lib/gcc/x86_64-linux-gnu/7;/usr/lib/x86_64-linux-gnu;/usr/lib;/lib/x86_64-linux-gnu;/lib]
  implicit fwks: []




Detecting C [-std=c11] compiler features compiled with the following output:
Change Dir: /home/bgs/CSI3DEDGE/libjpeg-turbo-main/build/CMakeFiles/CMakeTmp

Run Build Command:"/usr/bin/make" "cmTC_6ddd8/fast"
/usr/bin/make -f CMakeFiles/cmTC_6ddd8.dir/build.make CMakeFiles/cmTC_6ddd8.dir/build
make[1]: Entering directory '/home/bgs/CSI3DEDGE/libjpeg-turbo-main/build/CMakeFiles/CMakeTmp'
Building C object CMakeFiles/cmTC_6ddd8.dir/feature_tests.c.o
/usr/bin/cc   -std=c11 -o CMakeFiles/cmTC_6ddd8.dir/feature_tests.c.o   -c /home/bgs/CSI3DEDGE/libjpeg-turbo-main/build/CMakeFiles/feature_tests.c
Linking C executable cmTC_6ddd8
/usr/bin/cmake -E cmake_link_script CMakeFiles/cmTC_6ddd8.dir/link.txt --verbose=1
/usr/bin/cc      CMakeFiles/cmTC_6ddd8.dir/feature_tests.c.o  -o cmTC_6ddd8 
make[1]: Leaving directory '/home/bgs/CSI3DEDGE/libjpeg-turbo-main/build/CMakeFiles/CMakeTmp'


    Feature record: C_FEATURE:1c_function_prototypes
    Feature record: C_FEATURE:1c_restrict
    Feature record: C_FEATURE:1c_static_assert
    Feature record: C_FEATURE:1c_variadic_macros


Detecting C [-std=c99] compiler features compiled with the following output:
Change Dir: /home/bgs/CSI3DEDGE/libjpeg-turbo-main/build/CMakeFiles/CMakeTmp

Run Build Command:"/usr/bin/make" "cmTC_de546/fast"
/usr/bin/make -f CMakeFiles/cmTC_de546.dir/build.make CMakeFiles/cmTC_de546.dir/build
make[1]: Entering directory '/home/bgs/CSI3DEDGE/libjpeg-turbo-main/build/CMakeFiles/CMakeTmp'
Building C object CMakeFiles/cmTC_de546.dir/feature_tests.c.o
/usr/bin/cc   -std=c99 -o CMakeFiles/cmTC_de546.dir/feature_tests.c.o   -c /home/bgs/CSI3DEDGE/libjpeg-turbo-main/build/CMakeFiles/feature_tests.c
Linking C executable cmTC_de546
/usr/bin/cmake -E cmake_link_script CMakeFiles/cmTC_de546.dir/link.txt --verbose=1
/usr/bin/cc      CMakeFiles/cmTC_de546.dir/feature_tests.c.o  -o cmTC_de546 
make[1]: Leaving directory '/home/bgs/CSI3DEDGE/libjpeg-turbo-main/build/CMakeFiles/CMakeTmp'


    Feature record: C_FEATURE:1c_function_prototypes
    Feature record: C_FEATURE:1c_restrict
    Feature record: C_FEATURE:0c_static_assert
    Feature record: C_FEATURE:1c_variadic_macros


Detecting C [-std=c90] compiler features compiled with the following output:
Change Dir: /home/bgs/CSI3DEDGE/libjpeg-turbo-main/build/CMakeFiles/CMakeTmp

Run Build Command:"/usr/bin/make" "cmTC_03ae9/fast"
/usr/bin/make -f CMakeFiles/cmTC_03ae9.dir/build.make CMakeFiles/cmTC_03ae9.dir/build
make[1]: Entering directory '/home/bgs/CSI3DEDGE/libjpeg-turbo-main/build/CMakeFiles/CMakeTmp'
Building C object CMakeFiles/cmTC_03ae9.dir/feature_tests.c.o
/usr/bin/cc   -std=c90 -o CMakeFiles/cmTC_03ae9.dir/feature_tests.c.o   -c /home/bgs/CSI3DEDGE/libjpeg-turbo-main/build/CMakeFiles/feature_tests.c
Linking C executable cmTC_03ae9
/usr/bin/cmake -E cmake_link_script CMakeFiles/cmTC_03ae9.dir/link.txt --verbose=1
/usr/bin/cc      CMakeFiles/cmTC_03ae9.dir/feature_tests.c.o  -o cmTC_03ae9 
make[1]: Leaving directory '/home/bgs/CSI3DEDGE/libjpeg-turbo-main/build/CMakeFiles/CMakeTmp'


    Feature record: C_FEATURE:1c_function_prototypes
    Feature record: C_FEATURE:0c_restrict
    Feature record: C_FEATURE:0c_static_assert
    Feature record: C_FEATURE:0c_variadic_macros
Determining if the include file sys/types.h exists passed with the following output:
Change Dir: /home/bgs/CSI3DEDGE/libjpeg-turbo-main/build/CMakeFiles/CMakeTmp

Run Build Command:"/usr/bin/make" "cmTC_9cb15/fast"
/usr/bin/make -f CMakeFiles/cmTC_9cb15.dir/build.make CMakeFiles/cmTC_9cb15.dir/build
make[1]: Entering directory '/home/bgs/CSI3DEDGE/libjpeg-turbo-main/build/CMakeFiles/CMakeTmp'
Building C object CMakeFiles/cmTC_9cb15.dir/CheckIncludeFile.c.o
/usr/bin/cc    -o CMakeFiles/cmTC_9cb15.dir/CheckIncludeFile.c.o   -c /home/bgs/CSI3DEDGE/libjpeg-turbo-main/build/CMakeFiles/CMakeTmp/CheckIncludeFile.c
Linking C executable cmTC_9cb15
/usr/bin/cmake -E cmake_link_script CMakeFiles/cmTC_9cb15.dir/link.txt --verbose=1
/usr/bin/cc      CMakeFiles/cmTC_9cb15.dir/CheckIncludeFile.c.o  -o cmTC_9cb15 
make[1]: Leaving directory '/home/bgs/CSI3DEDGE/libjpeg-turbo-main/build/CMakeFiles/CMakeTmp'


Determining if the include file stdint.h exists passed with the following output:
Change Dir: /home/bgs/CSI3DEDGE/libjpeg-turbo-main/build/CMakeFiles/CMakeTmp

Run Build Command:"/usr/bin/make" "cmTC_7b88c/fast"
/usr/bin/make -f CMakeFiles/cmTC_7b88c.dir/build.make CMakeFiles/cmTC_7b88c.dir/build
make[1]: Entering directory '/home/bgs/CSI3DEDGE/libjpeg-turbo-main/build/CMakeFiles/CMakeTmp'
Building C object CMakeFiles/cmTC_7b88c.dir/CheckIncludeFile.c.o
/usr/bin/cc    -o CMakeFiles/cmTC_7b88c.dir/CheckIncludeFile.c.o   -c /home/bgs/CSI3DEDGE/libjpeg-turbo-main/build/CMakeFiles/CMakeTmp/CheckIncludeFile.c
Linking C executable cmTC_7b88c
/usr/bin/cmake -E cmake_link_script CMakeFiles/cmTC_7b88c.dir/link.txt --verbose=1
/usr/bin/cc      CMakeFiles/cmTC_7b88c.dir/CheckIncludeFile.c.o  -o cmTC_7b88c 
make[1]: Leaving directory '/home/bgs/CSI3DEDGE/libjpeg-turbo-main/build/CMakeFiles/CMakeTmp'


Determining if the include file stddef.h exists passed with the following output:
Change Dir: /home/bgs/CSI3DEDGE/libjpeg-turbo-main/build/CMakeFiles/CMakeTmp

Run Build Command:"/usr/bin/make" "cmTC_4dd95/fast"
/usr/bin/make -f CMakeFiles/cmTC_4dd95.dir/build.make CMakeFiles/cmTC_4dd95.dir/build
make[1]: Entering directory '/home/bgs/CSI3DEDGE/libjpeg-turbo-main/build/CMakeFiles/CMakeTmp'
Building C object CMakeFiles/cmTC_4dd95.dir/CheckIncludeFile.c.o
/usr/bin/cc    -o CMakeFiles/cmTC_4dd95.dir/CheckIncludeFile.c.o   -c /home/bgs/CSI3DEDGE/libjpeg-turbo-main/build/CMakeFiles/CMakeTmp/CheckIncludeFile.c
Linking C executable cmTC_4dd95
/usr/bin/cmake -E cmake_link_script CMakeFiles/cmTC_4dd95.dir/link.txt --verbose=1
/usr/bin/cc      CMakeFiles/cmTC_4dd95.dir/CheckIncludeFile.c.o  -o cmTC_4dd95 
make[1]: Leaving directory '/home/bgs/CSI3DEDGE/libjpeg-turbo-main/build/CMakeFiles/CMakeTmp'


Determining size of size_t passed with the following output:
Change Dir: /home/bgs/CSI3DEDGE/libjpeg-turbo-main/build/CMakeFiles/CMakeTmp

Run Build Command:"/usr/bin/make" "cmTC_e4cbc/fast"
/usr/bin/make -f CMakeFiles/cmTC_e4cbc.dir/build.make CMakeFiles/cmTC_e4cbc.dir/build
make[1]: Entering directory '/home/bgs/CSI3DEDGE/libjpeg-turbo-main/build/CMakeFiles/CMakeTmp'
Building C object CMakeFiles/cmTC_e4cbc.dir/SIZE_T.c.o
/usr/bin/cc    -o CMakeFiles/cmTC_e4cbc.dir/SIZE_T.c.o   -c /home/bgs/CSI3DEDGE/libjpeg-turbo-main/build/CMakeFiles/CheckTypeSize/SIZE_T.c
Linking C executable cmTC_e4cbc
/usr/bin/cmake -E cmake_link_script CMakeFiles/cmTC_e4cbc.dir/link.txt --verbose=1
/usr/bin/cc      CMakeFiles/cmTC_e4cbc.dir/SIZE_T.c.o  -o cmTC_e4cbc 
make[1]: Leaving directory '/home/bgs/CSI3DEDGE/libjpeg-turbo-main/build/CMakeFiles/CMakeTmp'


Determining size of unsigned long passed with the following output:
Change Dir: /home/bgs/CSI3DEDGE/libjpeg-turbo-main/build/CMakeFiles/CMakeTmp

Run Build Command:"/usr/bin/make" "cmTC_c4c6a/fast"
/usr/bin/make -f CMakeFiles/cmTC_c4c6a.dir/build.make CMakeFiles/cmTC_c4c6a.dir/build
make[1]: Entering directory '/home/bgs/CSI3DEDGE/libjpeg-turbo-main/build/CMakeFiles/CMakeTmp'
Building C object CMakeFiles/cmTC_c4c6a.dir/UNSIGNED_LONG.c.o
/usr/bin/cc    -o CMakeFiles/cmTC_c4c6a.dir/UNSIGNED_LONG.c.o   -c /home/bgs/CSI3DEDGE/libjpeg-turbo-main/build/CMakeFiles/CheckTypeSize/UNSIGNED_LONG.c
Linking C executable cmTC_c4c6a
/usr/bin/cmake -E cmake_link_script CMakeFiles/cmTC_c4c6a.dir/link.txt --verbose=1
/usr/bin/cc      CMakeFiles/cmTC_c4c6a.dir/UNSIGNED_LONG.c.o  -o cmTC_c4c6a 
make[1]: Leaving directory '/home/bgs/CSI3DEDGE/libjpeg-turbo-main/build/CMakeFiles/CMakeTmp'


Performing C SOURCE FILE Test HAVE_BUILTIN_CTZL succeeded with the following output:
Change Dir: /home/bgs/CSI3DEDGE/libjpeg-turbo-main/build/CMakeFiles/CMakeTmp

Run Build Command:"/usr/bin/make" "cmTC_e0fae/fast"
/usr/bin/make -f CMakeFiles/cmTC_e0fae.dir/build.make CMakeFiles/cmTC_e0fae.dir/build
make[1]: Entering directory '/home/bgs/CSI3DEDGE/libjpeg-turbo-main/build/CMakeFiles/CMakeTmp'
Building C object CMakeFiles/cmTC_e0fae.dir/src.c.o
/usr/bin/cc   -DHAVE_BUILTIN_CTZL   -o CMakeFiles/cmTC_e0fae.dir/src.c.o   -c /home/bgs/CSI3DEDGE/libjpeg-turbo-main/build/CMakeFiles/CMakeTmp/src.c
Linking C executable cmTC_e0fae
/usr/bin/cmake -E cmake_link_script CMakeFiles/cmTC_e0fae.dir/link.txt --verbose=1
/usr/bin/cc  -DHAVE_BUILTIN_CTZL    CMakeFiles/cmTC_e0fae.dir/src.c.o  -o cmTC_e0fae 
make[1]: Leaving directory '/home/bgs/CSI3DEDGE/libjpeg-turbo-main/build/CMakeFiles/CMakeTmp'

Source file was:
int main(int argc, char **argv) { unsigned long a = argc;  return __builtin_ctzl(a); }
Determining if files locale.h exist passed with the following output:
Change Dir: /home/bgs/CSI3DEDGE/libjpeg-turbo-main/build/CMakeFiles/CMakeTmp

Run Build Command:"/usr/bin/make" "cmTC_30e6f/fast"
/usr/bin/make -f CMakeFiles/cmTC_30e6f.dir/build.make CMakeFiles/cmTC_30e6f.dir/build
make[1]: Entering directory '/home/bgs/CSI3DEDGE/libjpeg-turbo-main/build/CMakeFiles/CMakeTmp'
Building C object CMakeFiles/cmTC_30e6f.dir/CheckIncludeFiles.c.o
/usr/bin/cc    -o CMakeFiles/cmTC_30e6f.dir/CheckIncludeFiles.c.o   -c /home/bgs/CSI3DEDGE/libjpeg-turbo-main/build/CMakeFiles/CMakeTmp/CheckIncludeFiles.c
Linking C executable cmTC_30e6f
/usr/bin/cmake -E cmake_link_script CMakeFiles/cmTC_30e6f.dir/link.txt --verbose=1
/usr/bin/cc      CMakeFiles/cmTC_30e6f.dir/CheckIncludeFiles.c.o  -o cmTC_30e6f 
make[1]: Leaving directory '/home/bgs/CSI3DEDGE/libjpeg-turbo-main/build/CMakeFiles/CMakeTmp'


Determining if files stdlib.h exist passed with the following output:
Change Dir: /home/bgs/CSI3DEDGE/libjpeg-turbo-main/build/CMakeFiles/CMakeTmp

Run Build Command:"/usr/bin/make" "cmTC_3847a/fast"
/usr/bin/make -f CMakeFiles/cmTC_3847a.dir/build.make CMakeFiles/cmTC_3847a.dir/build
make[1]: Entering directory '/home/bgs/CSI3DEDGE/libjpeg-turbo-main/build/CMakeFiles/CMakeTmp'
Building C object CMakeFiles/cmTC_3847a.dir/CheckIncludeFiles.c.o
/usr/bin/cc    -o CMakeFiles/cmTC_3847a.dir/CheckIncludeFiles.c.o   -c /home/bgs/CSI3DEDGE/libjpeg-turbo-main/build/CMakeFiles/CMakeTmp/CheckIncludeFiles.c
Linking C executable cmTC_3847a
/usr/bin/cmake -E cmake_link_script CMakeFiles/cmTC_3847a.dir/link.txt --verbose=1
/usr/bin/cc      CMakeFiles/cmTC_3847a.dir/CheckIncludeFiles.c.o  -o cmTC_3847a 
make[1]: Leaving directory '/home/bgs/CSI3DEDGE/libjpeg-turbo-main/build/CMakeFiles/CMakeTmp'


Determining if files sys/types.h exist passed with the following output:
Change Dir: /home/bgs/CSI3DEDGE/libjpeg-turbo-main/build/CMakeFiles/CMakeTmp

Run Build Command:"/usr/bin/make" "cmTC_00e1e/fast"
/usr/bin/make -f CMakeFiles/cmTC_00e1e.dir/build.make CMakeFiles/cmTC_00e1e.dir/build
make[1]: Entering directory '/home/bgs/CSI3DEDGE/libjpeg-turbo-main/build/CMakeFiles/CMakeTmp'
Building C object CMakeFiles/cmTC_00e1e.dir/CheckIncludeFiles.c.o
/usr/bin/cc    -o CMakeFiles/cmTC_00e1e.dir/CheckIncludeFiles.c.o   -c /home/bgs/CSI3DEDGE/libjpeg-turbo-main/build/CMakeFiles/CMakeTmp/CheckIncludeFiles.c
Linking C executable cmTC_00e1e
/usr/bin/cmake -E cmake_link_script CMakeFiles/cmTC_00e1e.dir/link.txt --verbose=1
/usr/bin/cc      CMakeFiles/cmTC_00e1e.dir/CheckIncludeFiles.c.o  -o cmTC_00e1e 
make[1]: Leaving directory '/home/bgs/CSI3DEDGE/libjpeg-turbo-main/build/CMakeFiles/CMakeTmp'


Determining if the memset exist passed with the following output:
Change Dir: /home/bgs/CSI3DEDGE/libjpeg-turbo-main/build/CMakeFiles/CMakeTmp

Run Build Command:"/usr/bin/make" "cmTC_42e93/fast"
/usr/bin/make -f CMakeFiles/cmTC_42e93.dir/build.make CMakeFiles/cmTC_42e93.dir/build
make[1]: Entering directory '/home/bgs/CSI3DEDGE/libjpeg-turbo-main/build/CMakeFiles/CMakeTmp'
Building C object CMakeFiles/cmTC_42e93.dir/CheckSymbolExists.c.o
/usr/bin/cc    -o CMakeFiles/cmTC_42e93.dir/CheckSymbolExists.c.o   -c /home/bgs/CSI3DEDGE/libjpeg-turbo-main/build/CMakeFiles/CMakeTmp/CheckSymbolExists.c
Linking C executable cmTC_42e93
/usr/bin/cmake -E cmake_link_script CMakeFiles/cmTC_42e93.dir/link.txt --verbose=1
/usr/bin/cc      CMakeFiles/cmTC_42e93.dir/CheckSymbolExists.c.o  -o cmTC_42e93 
make[1]: Leaving directory '/home/bgs/CSI3DEDGE/libjpeg-turbo-main/build/CMakeFiles/CMakeTmp'

File /home/bgs/CSI3DEDGE/libjpeg-turbo-main/build/CMakeFiles/CMakeTmp/CheckSymbolExists.c:
/* */
#include <string.h>

int main(int argc, char** argv)
{
  (void)argv;
#ifndef memset
  return ((int*)(&memset))[argc];
#else
  (void)argc;
  return 0;
#endif
}

Determining if the memcpy exist passed with the following output:
Change Dir: /home/bgs/CSI3DEDGE/libjpeg-turbo-main/build/CMakeFiles/CMakeTmp

Run Build Command:"/usr/bin/make" "cmTC_d3fee/fast"
/usr/bin/make -f CMakeFiles/cmTC_d3fee.dir/build.make CMakeFiles/cmTC_d3fee.dir/build
make[1]: Entering directory '/home/bgs/CSI3DEDGE/libjpeg-turbo-main/build/CMakeFiles/CMakeTmp'
Building C object CMakeFiles/cmTC_d3fee.dir/CheckSymbolExists.c.o
/usr/bin/cc    -o CMakeFiles/cmTC_d3fee.dir/CheckSymbolExists.c.o   -c /home/bgs/CSI3DEDGE/libjpeg-turbo-main/build/CMakeFiles/CMakeTmp/CheckSymbolExists.c
Linking C executable cmTC_d3fee
/usr/bin/cmake -E cmake_link_script CMakeFiles/cmTC_d3fee.dir/link.txt --verbose=1
/usr/bin/cc      CMakeFiles/cmTC_d3fee.dir/CheckSymbolExists.c.o  -o cmTC_d3fee 
make[1]: Leaving directory '/home/bgs/CSI3DEDGE/libjpeg-turbo-main/build/CMakeFiles/CMakeTmp'

File /home/bgs/CSI3DEDGE/libjpeg-turbo-main/build/CMakeFiles/CMakeTmp/CheckSymbolExists.c:
/* */
#include <string.h>

int main(int argc, char** argv)
{
  (void)argv;
#ifndef memcpy
  return ((int*)(&memcpy))[argc];
#else
  (void)argc;
  return 0;
#endif
}

Determining size of unsigned char passed with the following output:
Change Dir: /home/bgs/CSI3DEDGE/libjpeg-turbo-main/build/CMakeFiles/CMakeTmp

Run Build Command:"/usr/bin/make" "cmTC_cd699/fast"
/usr/bin/make -f CMakeFiles/cmTC_cd699.dir/build.make CMakeFiles/cmTC_cd699.dir/build
make[1]: Entering directory '/home/bgs/CSI3DEDGE/libjpeg-turbo-main/build/CMakeFiles/CMakeTmp'
Building C object CMakeFiles/cmTC_cd699.dir/UNSIGNED_CHAR.c.o
/usr/bin/cc    -o CMakeFiles/cmTC_cd699.dir/UNSIGNED_CHAR.c.o   -c /home/bgs/CSI3DEDGE/libjpeg-turbo-main/build/CMakeFiles/CheckTypeSize/UNSIGNED_CHAR.c
Linking C executable cmTC_cd699
/usr/bin/cmake -E cmake_link_script CMakeFiles/cmTC_cd699.dir/link.txt --verbose=1
/usr/bin/cc      CMakeFiles/cmTC_cd699.dir/UNSIGNED_CHAR.c.o  -o cmTC_cd699 
make[1]: Leaving directory '/home/bgs/CSI3DEDGE/libjpeg-turbo-main/build/CMakeFiles/CMakeTmp'


Determining size of unsigned short passed with the following output:
Change Dir: /home/bgs/CSI3DEDGE/libjpeg-turbo-main/build/CMakeFiles/CMakeTmp

Run Build Command:"/usr/bin/make" "cmTC_e4715/fast"
/usr/bin/make -f CMakeFiles/cmTC_e4715.dir/build.make CMakeFiles/cmTC_e4715.dir/build
make[1]: Entering directory '/home/bgs/CSI3DEDGE/libjpeg-turbo-main/build/CMakeFiles/CMakeTmp'
Building C object CMakeFiles/cmTC_e4715.dir/UNSIGNED_SHORT.c.o
/usr/bin/cc    -o CMakeFiles/cmTC_e4715.dir/UNSIGNED_SHORT.c.o   -c /home/bgs/CSI3DEDGE/libjpeg-turbo-main/build/CMakeFiles/CheckTypeSize/UNSIGNED_SHORT.c
Linking C executable cmTC_e4715
/usr/bin/cmake -E cmake_link_script CMakeFiles/cmTC_e4715.dir/link.txt --verbose=1
/usr/bin/cc      CMakeFiles/cmTC_e4715.dir/UNSIGNED_SHORT.c.o  -o cmTC_e4715 
make[1]: Leaving directory '/home/bgs/CSI3DEDGE/libjpeg-turbo-main/build/CMakeFiles/CMakeTmp'


Performing C SOURCE FILE Test INCOMPLETE_TYPES succeeded with the following output:
Change Dir: /home/bgs/CSI3DEDGE/libjpeg-turbo-main/build/CMakeFiles/CMakeTmp

Run Build Command:"/usr/bin/make" "cmTC_c9ae4/fast"
/usr/bin/make -f CMakeFiles/cmTC_c9ae4.dir/build.make CMakeFiles/cmTC_c9ae4.dir/build
make[1]: Entering directory '/home/bgs/CSI3DEDGE/libjpeg-turbo-main/build/CMakeFiles/CMakeTmp'
Building C object CMakeFiles/cmTC_c9ae4.dir/src.c.o
/usr/bin/cc   -DINCOMPLETE_TYPES   -o CMakeFiles/cmTC_c9ae4.dir/src.c.o   -c /home/bgs/CSI3DEDGE/libjpeg-turbo-main/build/CMakeFiles/CMakeTmp/src.c
Linking C executable cmTC_c9ae4
/usr/bin/cmake -E cmake_link_script CMakeFiles/cmTC_c9ae4.dir/link.txt --verbose=1
/usr/bin/cc  -DINCOMPLETE_TYPES    CMakeFiles/cmTC_c9ae4.dir/src.c.o  -o cmTC_c9ae4 
make[1]: Leaving directory '/home/bgs/CSI3DEDGE/libjpeg-turbo-main/build/CMakeFiles/CMakeTmp'

Source file was:
int main(void) { typedef struct undefined_structure *undef_struct_ptr;  undef_struct_ptr ptr = 0;  return ptr != 0; }
Performing C SOURCE FILE Test INLINE_WORKS succeeded with the following output:
Change Dir: /home/bgs/CSI3DEDGE/libjpeg-turbo-main/build/CMakeFiles/CMakeTmp

Run Build Command:"/usr/bin/make" "cmTC_e8320/fast"
/usr/bin/make -f CMakeFiles/cmTC_e8320.dir/build.make CMakeFiles/cmTC_e8320.dir/build
make[1]: Entering directory '/home/bgs/CSI3DEDGE/libjpeg-turbo-main/build/CMakeFiles/CMakeTmp'
Building C object CMakeFiles/cmTC_e8320.dir/src.c.o
/usr/bin/cc   -DINLINE_WORKS   -o CMakeFiles/cmTC_e8320.dir/src.c.o   -c /home/bgs/CSI3DEDGE/libjpeg-turbo-main/build/CMakeFiles/CMakeTmp/src.c
Linking C executable cmTC_e8320
/usr/bin/cmake -E cmake_link_script CMakeFiles/cmTC_e8320.dir/link.txt --verbose=1
/usr/bin/cc  -DINLINE_WORKS    CMakeFiles/cmTC_e8320.dir/src.c.o  -o cmTC_e8320 
make[1]: Leaving directory '/home/bgs/CSI3DEDGE/libjpeg-turbo-main/build/CMakeFiles/CMakeTmp'

Source file was:
__inline__ __attribute__((always_inline)) static int foo(void) { return 0; } int main(void) { return foo(); }
Performing C SOURCE FILE Test HAVE_THREAD_LOCAL succeeded with the following output:
Change Dir: /home/bgs/CSI3DEDGE/libjpeg-turbo-main/build/CMakeFiles/CMakeTmp

Run Build Command:"/usr/bin/make" "cmTC_4fe29/fast"
/usr/bin/make -f CMakeFiles/cmTC_4fe29.dir/build.make CMakeFiles/cmTC_4fe29.dir/build
make[1]: Entering directory '/home/bgs/CSI3DEDGE/libjpeg-turbo-main/build/CMakeFiles/CMakeTmp'
Building C object CMakeFiles/cmTC_4fe29.dir/src.c.o
/usr/bin/cc   -DHAVE_THREAD_LOCAL   -o CMakeFiles/cmTC_4fe29.dir/src.c.o   -c /home/bgs/CSI3DEDGE/libjpeg-turbo-main/build/CMakeFiles/CMakeTmp/src.c
Linking C executable cmTC_4fe29
/usr/bin/cmake -E cmake_link_script CMakeFiles/cmTC_4fe29.dir/link.txt --verbose=1
/usr/bin/cc  -DHAVE_THREAD_LOCAL    CMakeFiles/cmTC_4fe29.dir/src.c.o  -o cmTC_4fe29 
make[1]: Leaving directory '/home/bgs/CSI3DEDGE/libjpeg-turbo-main/build/CMakeFiles/CMakeTmp'

Source file was:
__thread int i;  int main(void) { i = 0;  return i; }
Performing C SOURCE FILE Test HAVE_VERSION_SCRIPT succeeded with the following output:
Change Dir: /home/bgs/CSI3DEDGE/libjpeg-turbo-main/build/CMakeFiles/CMakeTmp

Run Build Command:"/usr/bin/make" "cmTC_bd531/fast"
/usr/bin/make -f CMakeFiles/cmTC_bd531.dir/build.make CMakeFiles/cmTC_bd531.dir/build
make[1]: Entering directory '/home/bgs/CSI3DEDGE/libjpeg-turbo-main/build/CMakeFiles/CMakeTmp'
Building C object CMakeFiles/cmTC_bd531.dir/src.c.o
/usr/bin/cc   -DHAVE_VERSION_SCRIPT -Wl,--version-script,/home/bgs/CSI3DEDGE/libjpeg-turbo-main/build/conftest.map   -o CMakeFiles/cmTC_bd531.dir/src.c.o   -c /home/bgs/CSI3DEDGE/libjpeg-turbo-main/build/CMakeFiles/CMakeTmp/src.c
Linking C executable cmTC_bd531
/usr/bin/cmake -E cmake_link_script CMakeFiles/cmTC_bd531.dir/link.txt --verbose=1
/usr/bin/cc  -DHAVE_VERSION_SCRIPT -Wl,--version-script,/home/bgs/CSI3DEDGE/libjpeg-turbo-main/build/conftest.map    CMakeFiles/cmTC_bd531.dir/src.c.o  -o cmTC_bd531 
make[1]: Leaving directory '/home/bgs/CSI3DEDGE/libjpeg-turbo-main/build/CMakeFiles/CMakeTmp'

Source file was:
int main(void) { return 0; }
